c:\users\3dons6\documents\visual studio 2015\projects\toy8\toy8\x64\debug\toy8.pch
c:\users\3dons6\documents\visual studio 2015\projects\toy8\toy8\x64\debug\vc140.pdb
c:\users\3dons6\documents\visual studio 2015\projects\toy8\toy8\x64\debug\vc140.idb
c:\users\3dons6\documents\visual studio 2015\projects\toy8\toy8\x64\debug\stdafx.obj
c:\users\3dons6\documents\visual studio 2015\projects\toy8\toy8\x64\debug\toy8.obj
c:\users\3dons6\documents\visual studio 2015\projects\toy8\toy8\x64\debug\student.obj
c:\users\3dons6\documents\visual studio 2015\projects\toy8\toy8\x64\debug\toy8dlg.obj
c:\users\3dons6\documents\visual studio 2015\projects\toy8\x64\debug\toy8.ilk
c:\users\3dons6\documents\visual studio 2015\projects\toy8\x64\debug\toy8.exe
c:\users\3dons6\documents\visual studio 2015\projects\toy8\x64\debug\toy8.pdb
c:\users\3dons6\documents\visual studio 2015\projects\toy8\toy8\x64\debug\toy8.res
c:\users\3dons6\documents\visual studio 2015\projects\toy8\toy8\x64\debug\toy8.tlog\cl.command.1.tlog
c:\users\3dons6\documents\visual studio 2015\projects\toy8\toy8\x64\debug\toy8.tlog\cl.read.1.tlog
c:\users\3dons6\documents\visual studio 2015\projects\toy8\toy8\x64\debug\toy8.tlog\cl.write.1.tlog
c:\users\3dons6\documents\visual studio 2015\projects\toy8\toy8\x64\debug\toy8.tlog\link.command.1.tlog
c:\users\3dons6\documents\visual studio 2015\projects\toy8\toy8\x64\debug\toy8.tlog\link.read.1.tlog
c:\users\3dons6\documents\visual studio 2015\projects\toy8\toy8\x64\debug\toy8.tlog\link.write.1.tlog
c:\users\3dons6\documents\visual studio 2015\projects\toy8\toy8\x64\debug\toy8.tlog\rc.command.1.tlog
c:\users\3dons6\documents\visual studio 2015\projects\toy8\toy8\x64\debug\toy8.tlog\rc.read.1.tlog
c:\users\3dons6\documents\visual studio 2015\projects\toy8\toy8\x64\debug\toy8.tlog\rc.write.1.tlog
